 
****************************************
Report : area
Design : LCD_CTRL
Version: Q-2019.12
Date   : Mon Aug 28 17:20:28 2023
****************************************

Library(s) Used:

    slow (File: /usr/cad/CBDK_IC_Contest_v2.1/SynopsysDC/db/slow.db)

Number of ports:                          146
Number of nets:                          6398
Number of cells:                         6232
Number of combinational cells:           5661
Number of sequential cells:               564
Number of macros/black boxes:               0
Number of buf/inv:                        378
Number of references:                      63

Combinational area:              52794.231566
Buf/Inv area:                     1407.144575
Noncombinational area:           14706.273773
Macro/Black Box area:                0.000000
Net Interconnect area:      undefined  (No wire load specified)

Total cell area:                 67500.505339
Total area:                 undefined
1
